<?xml version="1.0" encoding="UTF-8"?>
<!-- Generated by org.testng.reporters.JUnitXMLReporter -->
<testsuite ignored="1" hostname="DESKTOP-T9GRIS5" failures="3" tests="6" name="Error validation Test" time="119.975" errors="0" timestamp="2023-07-06T17:59:34 IST">
  <testcase classname="rahulshettyacademy.seleniumframeworkdesign.ErrorValidationTest" name="incorrectCredentials" time="6.434">
    <skipped/>
  </testcase> <!-- incorrectCredentials -->
  <testcase classname="rahulshettyacademy.seleniumframeworkdesign.SubmitOrderTest" name="cartValidation" time="17.234">
    <failure type="java.lang.AssertionError" message="expected [false] but found [true]">
      <![CDATA[java.lang.AssertionError: expected [false] but found [true]
at rahulshettyacademy.seleniumframeworkdesign.SubmitOrderTest.cartValidation(SubmitOrderTest.java:120)
at java.base/java.util.concurrent.ThreadPoolExecutor.runWorker(ThreadPoolExecutor.java:1128)
at java.base/java.util.concurrent.ThreadPoolExecutor$Worker.run(ThreadPoolExecutor.java:628)
at java.base/java.lang.Thread.run(Thread.java:834)
... Removed 16 stack frames]]>
    </failure>
  </testcase> <!-- cartValidation -->
  <testcase classname="rahulshettyacademy.seleniumframeworkdesign.ErrorValidationTest" name="incorrectCredentials" time="2.589">
    <failure type="java.lang.AssertionError" message="expected [Incorrect email password.] but found [Incorrect email or password.]">
      <![CDATA[java.lang.AssertionError: expected [Incorrect email password.] but found [Incorrect email or password.]
at rahulshettyacademy.seleniumframeworkdesign.ErrorValidationTest.incorrectCredentials(ErrorValidationTest.java:27)
at java.base/java.util.concurrent.ThreadPoolExecutor.runWorker(ThreadPoolExecutor.java:1128)
at java.base/java.util.concurrent.ThreadPoolExecutor$Worker.run(ThreadPoolExecutor.java:628)
at java.base/java.lang.Thread.run(Thread.java:834)
... Removed 18 stack frames]]>
    </failure>
  </testcase> <!-- incorrectCredentials -->
  <testcase classname="rahulshettyacademy.seleniumframeworkdesign.SubmitOrderTest" name="cartValidation" time="7.557">
    <failure type="java.lang.AssertionError" message="expected [false] but found [true]">
      <![CDATA[java.lang.AssertionError: expected [false] but found [true]
at rahulshettyacademy.seleniumframeworkdesign.SubmitOrderTest.cartValidation(SubmitOrderTest.java:120)
at java.base/java.util.concurrent.ThreadPoolExecutor.runWorker(ThreadPoolExecutor.java:1128)
at java.base/java.util.concurrent.ThreadPoolExecutor$Worker.run(ThreadPoolExecutor.java:628)
at java.base/java.lang.Thread.run(Thread.java:834)
... Removed 16 stack frames]]>
    </failure>
  </testcase> <!-- cartValidation -->
  <testcase classname="rahulshettyacademy.seleniumframeworkdesign.SubmitOrderTest" name="submitorder" time="19.628"/>
  <testcase classname="rahulshettyacademy.seleniumframeworkdesign.SubmitOrderTest" name="submitorder" time="19.088"/>
  <testcase classname="rahulshettyacademy.testcomponent.BaseTest" name="@AfterSuite copyScreenshotsIntoWord" time="0.0">
    <ignored/>
  </testcase> <!-- @AfterSuite copyScreenshotsIntoWord -->
</testsuite> <!-- Error validation Test -->
