<html>
<head>
<title>TestNG:  Error validation Test-2</title>
<link href="../testng.css" rel="stylesheet" type="text/css" />
<link href="../my-testng.css" rel="stylesheet" type="text/css" />

<style type="text/css">
.log { display: none;} 
.stack-trace { display: none;} 
</style>
<script type="text/javascript">
<!--
function flip(e) {
  current = e.style.display;
  if (current == 'block') {
    e.style.display = 'none';
    return 0;
  }
  else {
    e.style.display = 'block';
    return 1;
  }
}

function toggleBox(szDivId, elem, msg1, msg2)
{
  var res = -1;  if (document.getElementById) {
    res = flip(document.getElementById(szDivId));
  }
  else if (document.all) {
    // this is the way old msie versions work
    res = flip(document.all[szDivId]);
  }
  if(elem) {
    if(res == 0) elem.innerHTML = msg1; else elem.innerHTML = msg2;
  }

}

function toggleAllBoxes() {
  if (document.getElementsByTagName) {
    d = document.getElementsByTagName('div');
    for (i = 0; i < d.length; i++) {
      if (d[i].className == 'log') {
        flip(d[i]);
      }
    }
  }
}

// -->
</script>

</head>
<body>
<h2 align='center'>Error validation Test-2</h2><table border='1' align="center">
<tr>
<td>Tests passed/Failed/Skipped:</td><td>0/0/3</td>
</tr><tr>
<td>Started on:</td><td>Fri Jul 21 10:57:43 IST 2023</td>
</tr>
<tr><td>Total time:</td><td>3 seconds (3841 ms)</td>
</tr><tr>
<td>Included groups:</td><td></td>
</tr><tr>
<td>Excluded groups:</td><td></td>
</tr>
</table><p/>
<small><i>(Hover the method name to see the test class name)</i></small><p/>
<table width='100%' border='1' class='invocation-skipped'>
<tr><td colspan='4' align='center'><b>SKIPPED TESTS</b></td></tr>
<tr><td><b>Test method</b></td>
<td width="30%"><b>Exception</b></td>
<td width="10%"><b>Time (seconds)</b></td>
<td><b>Instance</b></td>
</tr>
<tr>
<td title='rahulshettyacademy.seleniumframeworkdesign.ErrorValidationTest.incorrectCredentials()'><b>incorrectCredentials</b><br>Test class: rahulshettyacademy.seleniumframeworkdesign.ErrorValidationTest</td>
<td><div><pre>java.lang.RuntimeException: java.lang.NoSuchMethodError: org.apache.commons.io.IOUtils.byteArray(I)[B
	at java.base/java.util.concurrent.ThreadPoolExecutor.runWorker(ThreadPoolExecutor.java:1128)
	at java.base/java.util.concurrent.ThreadPoolExecutor$Worker.run(ThreadPoolExecutor.java:628)
	at java.base/java.lang.Thread.run(Thread.java:834)
Caused by: java.lang.NoSuchMethodError: org.apache.commons.io.IOUtils.byteArray(I)[B
	at org.apache.commons.io.output.AbstractByteArrayOutputStream.needNewBuffer(AbstractByteArrayOutputStream.java:104)
	at org.apache.commons.io.output.UnsynchronizedByteArrayOutputStream.&lt;init&gt;(UnsynchronizedByteArrayOutputStream.java:51)
	at org.apache.poi.util.IOUtils.peekFirstNBytes(IOUtils.java:139)
	at org.apache.poi.poifs.filesystem.FileMagic.valueOf(FileMagic.java:209)
	at org.apache.poi.openxml4j.opc.internal.ZipHelper.verifyZipHeader(ZipHelper.java:143)
	at org.apache.poi.openxml4j.opc.internal.ZipHelper.openZipStream(ZipHelper.java:175)
	at org.apache.poi.openxml4j.opc.ZipPackage.&lt;init&gt;(ZipPackage.java:130)
	at org.apache.poi.openxml4j.opc.OPCPackage.open(OPCPackage.java:319)
	at org.apache.poi.ooxml.util.PackageHelper.open(PackageHelper.java:59)
	at org.apache.poi.xssf.usermodel.XSSFWorkbook.&lt;init&gt;(XSSFWorkbook.java:290)
	at org.apache.poi.xssf.usermodel.XSSFWorkbook.&lt;init&gt;(XSSFWorkbook.java:286)
	at rahulshettyacademy.testcomponent.BaseTest.getExcelData(BaseTest.java:142)
	at rahulshettyacademy.seleniumframeworkdesign.ErrorValidationTest.getData(ErrorValidationTest.java:36)
	... 13 more
... Removed 16 stack frames</pre></div><a href='#' onClick='toggleBox("stack-trace1233415655", this, "Click to show all stack frames", "Click to hide stack frames")'>Click to show all stack frames</a>
<div class='stack-trace' id='stack-trace1233415655'><pre>java.lang.RuntimeException: java.lang.NoSuchMethodError: org.apache.commons.io.IOUtils.byteArray(I)[B
	at org.testng.internal.invokers.MethodInvocationHelper.invokeMethodNoCheckedException(Unknown Source)
	at org.testng.internal.invokers.MethodInvocationHelper.invokeDataProvider(Unknown Source)
	at org.testng.internal.Parameters.handleParameters(Unknown Source)
	at org.testng.internal.Parameters.handleParameters(Unknown Source)
	at org.testng.internal.invokers.ParameterHandler.a(Unknown Source)
	at org.testng.internal.invokers.ParameterHandler.a(Unknown Source)
	at org.testng.internal.invokers.TestInvoker$MethodInvocationAgent.a(Unknown Source)
	at org.testng.internal.invokers.TestInvoker.invokeTestMethods(Unknown Source)
	at org.testng.internal.invokers.TestMethodWorker.invokeTestMethods(Unknown Source)
	at org.testng.internal.invokers.TestMethodWorker.run(Unknown Source)
	at java.base/java.util.concurrent.ThreadPoolExecutor.runWorker(ThreadPoolExecutor.java:1128)
	at java.base/java.util.concurrent.ThreadPoolExecutor$Worker.run(ThreadPoolExecutor.java:628)
	at java.base/java.lang.Thread.run(Thread.java:834)
Caused by: java.lang.NoSuchMethodError: org.apache.commons.io.IOUtils.byteArray(I)[B
	at org.apache.commons.io.output.AbstractByteArrayOutputStream.needNewBuffer(AbstractByteArrayOutputStream.java:104)
	at org.apache.commons.io.output.UnsynchronizedByteArrayOutputStream.&lt;init&gt;(UnsynchronizedByteArrayOutputStream.java:51)
	at org.apache.poi.util.IOUtils.peekFirstNBytes(IOUtils.java:139)
	at org.apache.poi.poifs.filesystem.FileMagic.valueOf(FileMagic.java:209)
	at org.apache.poi.openxml4j.opc.internal.ZipHelper.verifyZipHeader(ZipHelper.java:143)
	at org.apache.poi.openxml4j.opc.internal.ZipHelper.openZipStream(ZipHelper.java:175)
	at org.apache.poi.openxml4j.opc.ZipPackage.&lt;init&gt;(ZipPackage.java:130)
	at org.apache.poi.openxml4j.opc.OPCPackage.open(OPCPackage.java:319)
	at org.apache.poi.ooxml.util.PackageHelper.open(PackageHelper.java:59)
	at org.apache.poi.xssf.usermodel.XSSFWorkbook.&lt;init&gt;(XSSFWorkbook.java:290)
	at org.apache.poi.xssf.usermodel.XSSFWorkbook.&lt;init&gt;(XSSFWorkbook.java:286)
	at rahulshettyacademy.testcomponent.BaseTest.getExcelData(BaseTest.java:142)
	at rahulshettyacademy.seleniumframeworkdesign.ErrorValidationTest.getData(ErrorValidationTest.java:36)
	at java.base/jdk.internal.reflect.NativeMethodAccessorImpl.invoke0(Native Method)
	at java.base/jdk.internal.reflect.NativeMethodAccessorImpl.invoke(NativeMethodAccessorImpl.java:62)
	at java.base/jdk.internal.reflect.DelegatingMethodAccessorImpl.invoke(DelegatingMethodAccessorImpl.java:43)
	at java.base/java.lang.reflect.Method.invoke(Method.java:566)
	at org.testng.internal.invokers.MethodInvocationHelper.invokeMethod(Unknown Source)
	at org.testng.internal.invokers.MethodInvocationHelper.invokeMethod(Unknown Source)
	... 13 more
</pre></div></td>
<td>0</td>
<td>rahulshettyacademy.seleniumframeworkdesign.ErrorValidationTest@4cdd2c73</td></tr>
<tr>
<td title='rahulshettyacademy.seleniumframeworkdesign.SubmitOrderTest.submitorder()'><b>submitorder</b><br>Test class: rahulshettyacademy.seleniumframeworkdesign.SubmitOrderTest</td>
<td><div><pre>java.lang.RuntimeException: java.lang.NoSuchMethodError: org.apache.commons.io.IOUtils.byteArray(I)[B
	at java.base/java.util.concurrent.ThreadPoolExecutor.runWorker(ThreadPoolExecutor.java:1128)
	at java.base/java.util.concurrent.ThreadPoolExecutor$Worker.run(ThreadPoolExecutor.java:628)
	at java.base/java.lang.Thread.run(Thread.java:834)
Caused by: java.lang.NoSuchMethodError: org.apache.commons.io.IOUtils.byteArray(I)[B
	at org.apache.commons.io.output.AbstractByteArrayOutputStream.needNewBuffer(AbstractByteArrayOutputStream.java:104)
	at org.apache.commons.io.output.UnsynchronizedByteArrayOutputStream.&lt;init&gt;(UnsynchronizedByteArrayOutputStream.java:51)
	at org.apache.poi.util.IOUtils.peekFirstNBytes(IOUtils.java:139)
	at org.apache.poi.poifs.filesystem.FileMagic.valueOf(FileMagic.java:209)
	at org.apache.poi.openxml4j.opc.internal.ZipHelper.verifyZipHeader(ZipHelper.java:143)
	at org.apache.poi.openxml4j.opc.internal.ZipHelper.openZipStream(ZipHelper.java:175)
	at org.apache.poi.openxml4j.opc.ZipPackage.&lt;init&gt;(ZipPackage.java:130)
	at org.apache.poi.openxml4j.opc.OPCPackage.open(OPCPackage.java:319)
	at org.apache.poi.ooxml.util.PackageHelper.open(PackageHelper.java:59)
	at org.apache.poi.xssf.usermodel.XSSFWorkbook.&lt;init&gt;(XSSFWorkbook.java:290)
	at org.apache.poi.xssf.usermodel.XSSFWorkbook.&lt;init&gt;(XSSFWorkbook.java:286)
	at rahulshettyacademy.testcomponent.BaseTest.getExcelData(BaseTest.java:142)
	at rahulshettyacademy.seleniumframeworkdesign.SubmitOrderTest.getData(SubmitOrderTest.java:76)
	... 13 more
... Removed 16 stack frames</pre></div><a href='#' onClick='toggleBox("stack-trace141777664", this, "Click to show all stack frames", "Click to hide stack frames")'>Click to show all stack frames</a>
<div class='stack-trace' id='stack-trace141777664'><pre>java.lang.RuntimeException: java.lang.NoSuchMethodError: org.apache.commons.io.IOUtils.byteArray(I)[B
	at org.testng.internal.invokers.MethodInvocationHelper.invokeMethodNoCheckedException(Unknown Source)
	at org.testng.internal.invokers.MethodInvocationHelper.invokeDataProvider(Unknown Source)
	at org.testng.internal.Parameters.handleParameters(Unknown Source)
	at org.testng.internal.Parameters.handleParameters(Unknown Source)
	at org.testng.internal.invokers.ParameterHandler.a(Unknown Source)
	at org.testng.internal.invokers.ParameterHandler.a(Unknown Source)
	at org.testng.internal.invokers.TestInvoker$MethodInvocationAgent.a(Unknown Source)
	at org.testng.internal.invokers.TestInvoker.invokeTestMethods(Unknown Source)
	at org.testng.internal.invokers.TestMethodWorker.invokeTestMethods(Unknown Source)
	at org.testng.internal.invokers.TestMethodWorker.run(Unknown Source)
	at java.base/java.util.concurrent.ThreadPoolExecutor.runWorker(ThreadPoolExecutor.java:1128)
	at java.base/java.util.concurrent.ThreadPoolExecutor$Worker.run(ThreadPoolExecutor.java:628)
	at java.base/java.lang.Thread.run(Thread.java:834)
Caused by: java.lang.NoSuchMethodError: org.apache.commons.io.IOUtils.byteArray(I)[B
	at org.apache.commons.io.output.AbstractByteArrayOutputStream.needNewBuffer(AbstractByteArrayOutputStream.java:104)
	at org.apache.commons.io.output.UnsynchronizedByteArrayOutputStream.&lt;init&gt;(UnsynchronizedByteArrayOutputStream.java:51)
	at org.apache.poi.util.IOUtils.peekFirstNBytes(IOUtils.java:139)
	at org.apache.poi.poifs.filesystem.FileMagic.valueOf(FileMagic.java:209)
	at org.apache.poi.openxml4j.opc.internal.ZipHelper.verifyZipHeader(ZipHelper.java:143)
	at org.apache.poi.openxml4j.opc.internal.ZipHelper.openZipStream(ZipHelper.java:175)
	at org.apache.poi.openxml4j.opc.ZipPackage.&lt;init&gt;(ZipPackage.java:130)
	at org.apache.poi.openxml4j.opc.OPCPackage.open(OPCPackage.java:319)
	at org.apache.poi.ooxml.util.PackageHelper.open(PackageHelper.java:59)
	at org.apache.poi.xssf.usermodel.XSSFWorkbook.&lt;init&gt;(XSSFWorkbook.java:290)
	at org.apache.poi.xssf.usermodel.XSSFWorkbook.&lt;init&gt;(XSSFWorkbook.java:286)
	at rahulshettyacademy.testcomponent.BaseTest.getExcelData(BaseTest.java:142)
	at rahulshettyacademy.seleniumframeworkdesign.SubmitOrderTest.getData(SubmitOrderTest.java:76)
	at java.base/jdk.internal.reflect.NativeMethodAccessorImpl.invoke0(Native Method)
	at java.base/jdk.internal.reflect.NativeMethodAccessorImpl.invoke(NativeMethodAccessorImpl.java:62)
	at java.base/jdk.internal.reflect.DelegatingMethodAccessorImpl.invoke(DelegatingMethodAccessorImpl.java:43)
	at java.base/java.lang.reflect.Method.invoke(Method.java:566)
	at org.testng.internal.invokers.MethodInvocationHelper.invokeMethod(Unknown Source)
	at org.testng.internal.invokers.MethodInvocationHelper.invokeMethod(Unknown Source)
	... 13 more
</pre></div></td>
<td>0</td>
<td>rahulshettyacademy.seleniumframeworkdesign.SubmitOrderTest@4abf3f0</td></tr>
<tr>
<td title='rahulshettyacademy.seleniumframeworkdesign.SubmitOrderTest.cartValidation()'><b>cartValidation</b><br>Test class: rahulshettyacademy.seleniumframeworkdesign.SubmitOrderTest</td>
<td><div><pre>java.lang.RuntimeException: java.lang.NoSuchMethodError: org.apache.commons.io.IOUtils.byteArray(I)[B
	at java.base/java.util.concurrent.ThreadPoolExecutor.runWorker(ThreadPoolExecutor.java:1128)
	at java.base/java.util.concurrent.ThreadPoolExecutor$Worker.run(ThreadPoolExecutor.java:628)
	at java.base/java.lang.Thread.run(Thread.java:834)
Caused by: java.lang.NoSuchMethodError: org.apache.commons.io.IOUtils.byteArray(I)[B
	at org.apache.commons.io.output.AbstractByteArrayOutputStream.needNewBuffer(AbstractByteArrayOutputStream.java:104)
	at org.apache.commons.io.output.UnsynchronizedByteArrayOutputStream.&lt;init&gt;(UnsynchronizedByteArrayOutputStream.java:51)
	at org.apache.poi.util.IOUtils.peekFirstNBytes(IOUtils.java:139)
	at org.apache.poi.poifs.filesystem.FileMagic.valueOf(FileMagic.java:209)
	at org.apache.poi.openxml4j.opc.internal.ZipHelper.verifyZipHeader(ZipHelper.java:143)
	at org.apache.poi.openxml4j.opc.internal.ZipHelper.openZipStream(ZipHelper.java:175)
	at org.apache.poi.openxml4j.opc.ZipPackage.&lt;init&gt;(ZipPackage.java:130)
	at org.apache.poi.openxml4j.opc.OPCPackage.open(OPCPackage.java:319)
	at org.apache.poi.ooxml.util.PackageHelper.open(PackageHelper.java:59)
	at org.apache.poi.xssf.usermodel.XSSFWorkbook.&lt;init&gt;(XSSFWorkbook.java:290)
	at org.apache.poi.xssf.usermodel.XSSFWorkbook.&lt;init&gt;(XSSFWorkbook.java:286)
	at rahulshettyacademy.testcomponent.BaseTest.getExcelData(BaseTest.java:142)
	at rahulshettyacademy.seleniumframeworkdesign.SubmitOrderTest.geterrorData(SubmitOrderTest.java:129)
	... 13 more
... Removed 16 stack frames</pre></div><a href='#' onClick='toggleBox("stack-trace1729497005", this, "Click to show all stack frames", "Click to hide stack frames")'>Click to show all stack frames</a>
<div class='stack-trace' id='stack-trace1729497005'><pre>java.lang.RuntimeException: java.lang.NoSuchMethodError: org.apache.commons.io.IOUtils.byteArray(I)[B
	at org.testng.internal.invokers.MethodInvocationHelper.invokeMethodNoCheckedException(Unknown Source)
	at org.testng.internal.invokers.MethodInvocationHelper.invokeDataProvider(Unknown Source)
	at org.testng.internal.Parameters.handleParameters(Unknown Source)
	at org.testng.internal.Parameters.handleParameters(Unknown Source)
	at org.testng.internal.invokers.ParameterHandler.a(Unknown Source)
	at org.testng.internal.invokers.ParameterHandler.a(Unknown Source)
	at org.testng.internal.invokers.TestInvoker$MethodInvocationAgent.a(Unknown Source)
	at org.testng.internal.invokers.TestInvoker.invokeTestMethods(Unknown Source)
	at org.testng.internal.invokers.TestMethodWorker.invokeTestMethods(Unknown Source)
	at org.testng.internal.invokers.TestMethodWorker.run(Unknown Source)
	at java.base/java.util.concurrent.ThreadPoolExecutor.runWorker(ThreadPoolExecutor.java:1128)
	at java.base/java.util.concurrent.ThreadPoolExecutor$Worker.run(ThreadPoolExecutor.java:628)
	at java.base/java.lang.Thread.run(Thread.java:834)
Caused by: java.lang.NoSuchMethodError: org.apache.commons.io.IOUtils.byteArray(I)[B
	at org.apache.commons.io.output.AbstractByteArrayOutputStream.needNewBuffer(AbstractByteArrayOutputStream.java:104)
	at org.apache.commons.io.output.UnsynchronizedByteArrayOutputStream.&lt;init&gt;(UnsynchronizedByteArrayOutputStream.java:51)
	at org.apache.poi.util.IOUtils.peekFirstNBytes(IOUtils.java:139)
	at org.apache.poi.poifs.filesystem.FileMagic.valueOf(FileMagic.java:209)
	at org.apache.poi.openxml4j.opc.internal.ZipHelper.verifyZipHeader(ZipHelper.java:143)
	at org.apache.poi.openxml4j.opc.internal.ZipHelper.openZipStream(ZipHelper.java:175)
	at org.apache.poi.openxml4j.opc.ZipPackage.&lt;init&gt;(ZipPackage.java:130)
	at org.apache.poi.openxml4j.opc.OPCPackage.open(OPCPackage.java:319)
	at org.apache.poi.ooxml.util.PackageHelper.open(PackageHelper.java:59)
	at org.apache.poi.xssf.usermodel.XSSFWorkbook.&lt;init&gt;(XSSFWorkbook.java:290)
	at org.apache.poi.xssf.usermodel.XSSFWorkbook.&lt;init&gt;(XSSFWorkbook.java:286)
	at rahulshettyacademy.testcomponent.BaseTest.getExcelData(BaseTest.java:142)
	at rahulshettyacademy.seleniumframeworkdesign.SubmitOrderTest.geterrorData(SubmitOrderTest.java:129)
	at java.base/jdk.internal.reflect.NativeMethodAccessorImpl.invoke0(Native Method)
	at java.base/jdk.internal.reflect.NativeMethodAccessorImpl.invoke(NativeMethodAccessorImpl.java:62)
	at java.base/jdk.internal.reflect.DelegatingMethodAccessorImpl.invoke(DelegatingMethodAccessorImpl.java:43)
	at java.base/java.lang.reflect.Method.invoke(Method.java:566)
	at org.testng.internal.invokers.MethodInvocationHelper.invokeMethod(Unknown Source)
	at org.testng.internal.invokers.MethodInvocationHelper.invokeMethod(Unknown Source)
	... 13 more
</pre></div></td>
<td>0</td>
<td>rahulshettyacademy.seleniumframeworkdesign.SubmitOrderTest@4abf3f0</td></tr>
</table><p>
</body>
</html>